app/build/intermediates/manifest_merge_blame_file/debug/processDebugMainManifest/manifest-merger-blame-debug-report.txt
1<?xml version="1.0" encoding="utf-8"?>
2<manifest xmlns:android="http://schemas.android.com/apk/res/android"
3    package="com.nammahomestay.app"
4    android:versionCode="1"
5    android:versionName="1.0.0" >
6
7    <uses-sdk
8        android:minSdkVersion="24"
9        android:targetSdkVersion="35" />
10
11    <uses-permission android:name="android.permission.INTERNET" />
11-->src\main\AndroidManifest.xml:4:5-67
11-->src\main\AndroidManifest.xml:4:22-64
12    <uses-permission android:name="android.permission.CALL_PHONE" />
12-->src\main\AndroidManifest.xml:5:5-69
12-->src\main\AndroidManifest.xml:5:22-66
13    <uses-permission android:name="android.permission.CAMERA" />
13-->src\main\AndroidManifest.xml:6:5-65
13-->src\main\AndroidManifest.xml:6:22-62
14    <uses-permission android:name="android.permission.READ_MEDIA_IMAGES" />
14-->src\main\AndroidManifest.xml:7:5-76
14-->src\main\AndroidManifest.xml:7:22-73
15    <uses-permission
15-->src\main\AndroidManifest.xml:8:5-9:38
16        android:name="android.permission.READ_EXTERNAL_STORAGE"
16-->src\main\AndroidManifest.xml:8:22-77
17        android:maxSdkVersion="32" />
17-->src\main\AndroidManifest.xml:9:9-35
18    <uses-permission android:name="android.permission.ACCESS_NETWORK_STATE" />
18-->src\main\AndroidManifest.xml:10:5-79
18-->src\main\AndroidManifest.xml:10:22-76
19    <uses-permission android:name="android.permission.ACCESS_FINE_LOCATION" />
19-->src\main\AndroidManifest.xml:11:5-79
19-->src\main\AndroidManifest.xml:11:22-76
20    <uses-permission android:name="android.permission.ACCESS_COARSE_LOCATION" />
20-->src\main\AndroidManifest.xml:12:5-81
20-->src\main\AndroidManifest.xml:12:22-78
21    <uses-permission android:name="android.permission.POST_NOTIFICATIONS" />
21-->src\main\AndroidManifest.xml:13:5-77
21-->src\main\AndroidManifest.xml:13:22-74
22
23    <uses-feature
23-->[com.google.android.gms:play-services-maps:18.2.0] AndroidManifest.xml:26:5-28:35
24        android:glEsVersion="0x00020000"
24-->[com.google.android.gms:play-services-maps:18.2.0] AndroidManifest.xml:27:9-41
25        android:required="true" />
25-->[com.google.android.gms:play-services-maps:18.2.0] AndroidManifest.xml:28:9-32
26
27    <queries>
27-->[com.google.android.gms:play-services-maps:18.2.0] AndroidManifest.xml:30:5-34:15
28
29        <!-- Needs to be explicitly declared on Android R+ -->
30        <package android:name="com.google.android.apps.maps" />
30-->[com.google.android.gms:play-services-maps:18.2.0] AndroidManifest.xml:33:9-64
30-->[com.google.android.gms:play-services-maps:18.2.0] AndroidManifest.xml:33:18-61
31    </queries>
32
33    <uses-permission android:name="android.permission.WAKE_LOCK" /> <!-- Required by older versions of Google Play services to create IID tokens -->
33-->[com.google.firebase:firebase-messaging:24.0.0] AndroidManifest.xml:24:5-68
33-->[com.google.firebase:firebase-messaging:24.0.0] AndroidManifest.xml:24:22-65
34    <uses-permission android:name="com.google.android.c2dm.permission.RECEIVE" />
34-->[com.google.firebase:firebase-messaging:24.0.0] AndroidManifest.xml:26:5-82
34-->[com.google.firebase:firebase-messaging:24.0.0] AndroidManifest.xml:26:22-79
35    <uses-permission android:name="com.google.android.providers.gsf.permission.READ_GSERVICES" />
35-->[com.google.android.recaptcha:recaptcha:18.4.0] AndroidManifest.xml:9:5-98
35-->[com.google.android.recaptcha:recaptcha:18.4.0] AndroidManifest.xml:9:22-95
36
37    <permission
37-->[androidx.core:core:1.13.1] AndroidManifest.xml:22:5-24:47
38        android:name="com.nammahomestay.app.DYNAMIC_RECEIVER_NOT_EXPORTED_PERMISSION"
38-->[androidx.core:core:1.13.1] AndroidManifest.xml:23:9-81
39        android:protectionLevel="signature" />
39-->[androidx.core:core:1.13.1] AndroidManifest.xml:24:9-44
40
41    <uses-permission android:name="com.nammahomestay.app.DYNAMIC_RECEIVER_NOT_EXPORTED_PERMISSION" />
41-->[androidx.core:core:1.13.1] AndroidManifest.xml:26:5-97
41-->[androidx.core:core:1.13.1] AndroidManifest.xml:26:22-94
42
43    <application
43-->src\main\AndroidManifest.xml:15:5-48:19
44        android:name="com.nammahomestay.app.NammaHomeStayApp"
44-->src\main\AndroidManifest.xml:16:9-41
45        android:allowBackup="true"
45-->src\main\AndroidManifest.xml:17:9-35
46        android:appComponentFactory="androidx.core.app.CoreComponentFactory"
46-->[androidx.core:core:1.13.1] AndroidManifest.xml:28:18-86
47        android:debuggable="true"
48        android:extractNativeLibs="false"
49        android:icon="@mipmap/ic_launcher"
49-->src\main\AndroidManifest.xml:18:9-43
50        android:label="@string/app_name"
50-->src\main\AndroidManifest.xml:19:9-41
51        android:roundIcon="@mipmap/ic_launcher_round"
51-->src\main\AndroidManifest.xml:20:9-54
52        android:supportsRtl="true"
52-->src\main\AndroidManifest.xml:21:9-35
53        android:testOnly="true"
54        android:theme="@style/Theme.NammaHomeStay"
54-->src\main\AndroidManifest.xml:22:9-51
55        android:usesCleartextTraffic="true" >
55-->src\main\AndroidManifest.xml:23:9-44
56        <meta-data
56-->src\main\AndroidManifest.xml:25:9-27:61
57            android:name="com.google.android.geo.API_KEY"
57-->src\main\AndroidManifest.xml:26:13-58
58            android:value="YOUR_GOOGLE_MAPS_API_KEY_HERE" />
58-->src\main\AndroidManifest.xml:27:13-58
59
60        <activity
60-->src\main\AndroidManifest.xml:29:9-38:20
61            android:name="com.nammahomestay.app.MainActivity"
61-->src\main\AndroidManifest.xml:30:13-41
62            android:exported="true"
62-->src\main\AndroidManifest.xml:31:13-36
63            android:theme="@style/Theme.NammaHomeStay"
63-->src\main\AndroidManifest.xml:33:13-55
64            android:windowSoftInputMode="adjustPan" >
64-->src\main\AndroidManifest.xml:32:13-52
65            <intent-filter>
65-->src\main\AndroidManifest.xml:34:13-37:29
66                <action android:name="android.intent.action.MAIN" />
66-->src\main\AndroidManifest.xml:35:17-69
66-->src\main\AndroidManifest.xml:35:25-66
67
68                <category android:name="android.intent.category.LAUNCHER" />
68-->src\main\AndroidManifest.xml:36:17-77
68-->src\main\AndroidManifest.xml:36:27-74
69            </intent-filter>
70        </activity>
71
72        <service
72-->src\main\AndroidManifest.xml:40:9-46:19
73            android:name="com.nammahomestay.app.service.NammaFirebaseMessagingService"
73-->src\main\AndroidManifest.xml:41:13-66
74            android:exported="false" >
74-->src\main\AndroidManifest.xml:42:13-37
75            <intent-filter>
75-->src\main\AndroidManifest.xml:43:13-45:29
76                <action android:name="com.google.firebase.MESSAGING_EVENT" />
76-->src\main\AndroidManifest.xml:44:17-78
76-->src\main\AndroidManifest.xml:44:25-75
77            </intent-filter>
78        </service>
79        <service
79-->[androidx.camera:camera-camera2:1.3.4] AndroidManifest.xml:24:9-33:19
80            android:name="androidx.camera.core.impl.MetadataHolderService"
80-->[androidx.camera:camera-camera2:1.3.4] AndroidManifest.xml:25:13-75
81            android:enabled="false"
81-->[androidx.camera:camera-camera2:1.3.4] AndroidManifest.xml:26:13-36
82            android:exported="false" >
82-->[androidx.camera:camera-camera2:1.3.4] AndroidManifest.xml:27:13-37
83            <meta-data
83-->[androidx.camera:camera-camera2:1.3.4] AndroidManifest.xml:30:13-32:89
84                android:name="androidx.camera.core.impl.MetadataHolderService.DEFAULT_CONFIG_PROVIDER"
84-->[androidx.camera:camera-camera2:1.3.4] AndroidManifest.xml:31:17-103
85                android:value="androidx.camera.camera2.Camera2Config$DefaultProvider" />
85-->[androidx.camera:camera-camera2:1.3.4] AndroidManifest.xml:32:17-86
86        </service>
87        <service
87-->[com.google.firebase:firebase-auth-ktx:23.0.0] AndroidManifest.xml:8:9-14:19
88            android:name="com.google.firebase.components.ComponentDiscoveryService"
88-->[com.google.firebase:firebase-auth-ktx:23.0.0] AndroidManifest.xml:9:13-84
89            android:directBootAware="true"
89-->[com.google.firebase:firebase-common:21.0.0] AndroidManifest.xml:32:13-43
90            android:exported="false" >
90-->[com.google.firebase:firebase-auth-ktx:23.0.0] AndroidManifest.xml:10:13-37
91            <meta-data
91-->[com.google.firebase:firebase-auth-ktx:23.0.0] AndroidManifest.xml:11:13-13:85
92                android:name="com.google.firebase.components:com.google.firebase.auth.ktx.FirebaseAuthLegacyRegistrar"
92-->[com.google.firebase:firebase-auth-ktx:23.0.0] AndroidManifest.xml:12:17-119
93                android:value="com.google.firebase.components.ComponentRegistrar" />
93-->[com.google.firebase:firebase-auth-ktx:23.0.0] AndroidManifest.xml:13:17-82
94            <meta-data
94-->[com.google.firebase:firebase-auth:23.0.0] AndroidManifest.xml:69:13-71:85
95                android:name="com.google.firebase.components:com.google.firebase.auth.FirebaseAuthRegistrar"
95-->[com.google.firebase:firebase-auth:23.0.0] AndroidManifest.xml:70:17-109
96                android:value="com.google.firebase.components.ComponentRegistrar" />
96-->[com.google.firebase:firebase-auth:23.0.0] AndroidManifest.xml:71:17-82
97            <meta-data
97-->[com.google.firebase:firebase-storage-ktx:21.0.0] AndroidManifest.xml:12:13-14:85
98                android:name="com.google.firebase.components:com.google.firebase.storage.ktx.FirebaseStorageLegacyRegistrar"
98-->[com.google.firebase:firebase-storage-ktx:21.0.0] AndroidManifest.xml:13:17-125
99                android:value="com.google.firebase.components.ComponentRegistrar" />
99-->[com.google.firebase:firebase-storage-ktx:21.0.0] AndroidManifest.xml:14:17-82
100            <meta-data
100-->[com.google.firebase:firebase-storage:21.0.0] AndroidManifest.xml:30:13-32:85
101                android:name="com.google.firebase.components:com.google.firebase.storage.FirebaseStorageKtxRegistrar"
101-->[com.google.firebase:firebase-storage:21.0.0] AndroidManifest.xml:31:17-118
102                android:value="com.google.firebase.components.ComponentRegistrar" />
102-->[com.google.firebase:firebase-storage:21.0.0] AndroidManifest.xml:32:17-82
103            <meta-data
103-->[com.google.firebase:firebase-storage:21.0.0] AndroidManifest.xml:33:13-35:85
104                android:name="com.google.firebase.components:com.google.firebase.storage.StorageRegistrar"
104-->[com.google.firebase:firebase-storage:21.0.0] AndroidManifest.xml:34:17-107
105                android:value="com.google.firebase.components.ComponentRegistrar" />
105-->[com.google.firebase:firebase-storage:21.0.0] AndroidManifest.xml:35:17-82
106            <meta-data
106-->[com.google.firebase:firebase-firestore-ktx:25.0.0] AndroidManifest.xml:12:13-14:85
107                android:name="com.google.firebase.components:com.google.firebase.firestore.ktx.FirebaseFirestoreLegacyRegistrar"
107-->[com.google.firebase:firebase-firestore-ktx:25.0.0] AndroidManifest.xml:13:17-129
108                android:value="com.google.firebase.components.ComponentRegistrar" />
108-->[com.google.firebase:firebase-firestore-ktx:25.0.0] AndroidManifest.xml:14:17-82
109            <meta-data
109-->[com.google.firebase:firebase-firestore:25.0.0] AndroidManifest.xml:17:13-19:85
110                android:name="com.google.firebase.components:com.google.firebase.firestore.FirebaseFirestoreKtxRegistrar"
110-->[com.google.firebase:firebase-firestore:25.0.0] AndroidManifest.xml:18:17-122
111                android:value="com.google.firebase.components.ComponentRegistrar" />
111-->[com.google.firebase:firebase-firestore:25.0.0] AndroidManifest.xml:19:17-82
112            <meta-data
112-->[com.google.firebase:firebase-firestore:25.0.0] AndroidManifest.xml:20:13-22:85
113                android:name="com.google.firebase.components:com.google.firebase.firestore.FirestoreRegistrar"
113-->[com.google.firebase:firebase-firestore:25.0.0] AndroidManifest.xml:21:17-111
114                android:value="com.google.firebase.components.ComponentRegistrar" />
114-->[com.google.firebase:firebase-firestore:25.0.0] AndroidManifest.xml:22:17-82
115            <meta-data
115-->[com.google.firebase:firebase-messaging-ktx:24.0.0] AndroidManifest.xml:26:13-28:85
116                android:name="com.google.firebase.components:com.google.firebase.messaging.ktx.FirebaseMessagingLegacyRegistrar"
116-->[com.google.firebase:firebase-messaging-ktx:24.0.0] AndroidManifest.xml:27:17-129
117                android:value="com.google.firebase.components.ComponentRegistrar" />
117-->[com.google.firebase:firebase-messaging-ktx:24.0.0] AndroidManifest.xml:28:17-82
118            <meta-data
118-->[com.google.firebase:firebase-messaging:24.0.0] AndroidManifest.xml:57:13-59:85
119                android:name="com.google.firebase.components:com.google.firebase.messaging.FirebaseMessagingKtxRegistrar"
119-->[com.google.firebase:firebase-messaging:24.0.0] AndroidManifest.xml:58:17-122
120                android:value="com.google.firebase.components.ComponentRegistrar" />
120-->[com.google.firebase:firebase-messaging:24.0.0] AndroidManifest.xml:59:17-82
121            <meta-data
121-->[com.google.firebase:firebase-messaging:24.0.0] AndroidManifest.xml:60:13-62:85
122                android:name="com.google.firebase.components:com.google.firebase.messaging.FirebaseMessagingRegistrar"
122-->[com.google.firebase:firebase-messaging:24.0.0] AndroidManifest.xml:61:17-119
123                android:value="com.google.firebase.components.ComponentRegistrar" />
123-->[com.google.firebase:firebase-messaging:24.0.0] AndroidManifest.xml:62:17-82
124            <meta-data
124-->[com.google.firebase:firebase-appcheck:18.0.0] AndroidManifest.xml:25:13-27:85
125                android:name="com.google.firebase.components:com.google.firebase.appcheck.FirebaseAppCheckKtxRegistrar"
125-->[com.google.firebase:firebase-appcheck:18.0.0] AndroidManifest.xml:26:17-120
126                android:value="com.google.firebase.components.ComponentRegistrar" />
126-->[com.google.firebase:firebase-appcheck:18.0.0] AndroidManifest.xml:27:17-82
127            <meta-data
127-->[com.google.firebase:firebase-appcheck:18.0.0] AndroidManifest.xml:28:13-30:85
128                android:name="com.google.firebase.components:com.google.firebase.appcheck.FirebaseAppCheckRegistrar"
128-->[com.google.firebase:firebase-appcheck:18.0.0] AndroidManifest.xml:29:17-117
129                android:value="com.google.firebase.components.ComponentRegistrar" />
129-->[com.google.firebase:firebase-appcheck:18.0.0] AndroidManifest.xml:30:17-82
130            <meta-data
130-->[com.google.firebase:firebase-installations:18.0.0] AndroidManifest.xml:15:13-17:85
131                android:name="com.google.firebase.components:com.google.firebase.installations.FirebaseInstallationsKtxRegistrar"
131-->[com.google.firebase:firebase-installations:18.0.0] AndroidManifest.xml:16:17-130
132                android:value="com.google.firebase.components.ComponentRegistrar" />
132-->[com.google.firebase:firebase-installations:18.0.0] AndroidManifest.xml:17:17-82
133            <meta-data
133-->[com.google.firebase:firebase-installations:18.0.0] AndroidManifest.xml:18:13-20:85
134                android:name="com.google.firebase.components:com.google.firebase.installations.FirebaseInstallationsRegistrar"
134-->[com.google.firebase:firebase-installations:18.0.0] AndroidManifest.xml:19:17-127
135                android:value="com.google.firebase.components.ComponentRegistrar" />
135-->[com.google.firebase:firebase-installations:18.0.0] AndroidManifest.xml:20:17-82
136            <meta-data
136-->[com.google.firebase:firebase-common-ktx:21.0.0] AndroidManifest.xml:12:13-14:85
137                android:name="com.google.firebase.components:com.google.firebase.ktx.FirebaseCommonLegacyRegistrar"
137-->[com.google.firebase:firebase-common-ktx:21.0.0] AndroidManifest.xml:13:17-116
138                android:value="com.google.firebase.components.ComponentRegistrar" />
138-->[com.google.firebase:firebase-common-ktx:21.0.0] AndroidManifest.xml:14:17-82
139            <meta-data
139-->[com.google.firebase:firebase-common:21.0.0] AndroidManifest.xml:35:13-37:85
140                android:name="com.google.firebase.components:com.google.firebase.FirebaseCommonKtxRegistrar"
140-->[com.google.firebase:firebase-common:21.0.0] AndroidManifest.xml:36:17-109
141                android:value="com.google.firebase.components.ComponentRegistrar" />
141-->[com.google.firebase:firebase-common:21.0.0] AndroidManifest.xml:37:17-82
142            <meta-data
142-->[com.google.firebase:firebase-datatransport:18.2.0] AndroidManifest.xml:25:13-27:85
143                android:name="com.google.firebase.components:com.google.firebase.datatransport.TransportRegistrar"
143-->[com.google.firebase:firebase-datatransport:18.2.0] AndroidManifest.xml:26:17-115
144                android:value="com.google.firebase.components.ComponentRegistrar" />
144-->[com.google.firebase:firebase-datatransport:18.2.0] AndroidManifest.xml:27:17-82
145        </service>
146
147        <activity
147-->[com.google.firebase:firebase-auth:23.0.0] AndroidManifest.xml:29:9-46:20
148            android:name="com.google.firebase.auth.internal.GenericIdpActivity"
148-->[com.google.firebase:firebase-auth:23.0.0] AndroidManifest.xml:30:13-80
149            android:excludeFromRecents="true"
149-->[com.google.firebase:firebase-auth:23.0.0] AndroidManifest.xml:31:13-46
150            android:exported="true"
150-->[com.google.firebase:firebase-auth:23.0.0] AndroidManifest.xml:32:13-36
151            android:launchMode="singleTask"
151-->[com.google.firebase:firebase-auth:23.0.0] AndroidManifest.xml:33:13-44
152            android:theme="@android:style/Theme.Translucent.NoTitleBar" >
152-->[com.google.firebase:firebase-auth:23.0.0] AndroidManifest.xml:34:13-72
153            <intent-filter>
153-->[com.google.firebase:firebase-auth:23.0.0] AndroidManifest.xml:35:13-45:29
154                <action android:name="android.intent.action.VIEW" />
154-->[com.google.firebase:firebase-auth:23.0.0] AndroidManifest.xml:36:17-69
154-->[com.google.firebase:firebase-auth:23.0.0] AndroidManifest.xml:36:25-66
155
156                <category android:name="android.intent.category.DEFAULT" />
156-->[com.google.firebase:firebase-auth:23.0.0] AndroidManifest.xml:38:17-76
156-->[com.google.firebase:firebase-auth:23.0.0] AndroidManifest.xml:38:27-73
157                <category android:name="android.intent.category.BROWSABLE" />
157-->[com.google.firebase:firebase-auth:23.0.0] AndroidManifest.xml:39:17-78
157-->[com.google.firebase:firebase-auth:23.0.0] AndroidManifest.xml:39:27-75
158
159                <data
159-->[com.google.firebase:firebase-auth:23.0.0] AndroidManifest.xml:41:17-44:51
160                    android:host="firebase.auth"
160-->[com.google.firebase:firebase-auth:23.0.0] AndroidManifest.xml:42:21-49
161                    android:path="/"
161-->[com.google.firebase:firebase-auth:23.0.0] AndroidManifest.xml:43:21-37
162                    android:scheme="genericidp" />
162-->[com.google.firebase:firebase-auth:23.0.0] AndroidManifest.xml:44:21-48
163            </intent-filter>
164        </activity>
165        <activity
165-->[com.google.firebase:firebase-auth:23.0.0] AndroidManifest.xml:47:9-64:20
166            android:name="com.google.firebase.auth.internal.RecaptchaActivity"
166-->[com.google.firebase:firebase-auth:23.0.0] AndroidManifest.xml:48:13-79
167            android:excludeFromRecents="true"
167-->[com.google.firebase:firebase-auth:23.0.0] AndroidManifest.xml:49:13-46
168            android:exported="true"
168-->[com.google.firebase:firebase-auth:23.0.0] AndroidManifest.xml:50:13-36
169            android:launchMode="singleTask"
169-->[com.google.firebase:firebase-auth:23.0.0] AndroidManifest.xml:51:13-44
170            android:theme="@android:style/Theme.Translucent.NoTitleBar" >
170-->[com.google.firebase:firebase-auth:23.0.0] AndroidManifest.xml:52:13-72
171            <intent-filter>
171-->[com.google.firebase:firebase-auth:23.0.0] AndroidManifest.xml:53:13-63:29
172                <action android:name="android.intent.action.VIEW" />
172-->[com.google.firebase:firebase-auth:23.0.0] AndroidManifest.xml:36:17-69
172-->[com.google.firebase:firebase-auth:23.0.0] AndroidManifest.xml:36:25-66
173
174                <category android:name="android.intent.category.DEFAULT" />
174-->[com.google.firebase:firebase-auth:23.0.0] AndroidManifest.xml:38:17-76
174-->[com.google.firebase:firebase-auth:23.0.0] AndroidManifest.xml:38:27-73
175                <category android:name="android.intent.category.BROWSABLE" />
175-->[com.google.firebase:firebase-auth:23.0.0] AndroidManifest.xml:39:17-78
175-->[com.google.firebase:firebase-auth:23.0.0] AndroidManifest.xml:39:27-75
176
177                <data
177-->[com.google.firebase:firebase-auth:23.0.0] AndroidManifest.xml:41:17-44:51
178                    android:host="firebase.auth"
178-->[com.google.firebase:firebase-auth:23.0.0] AndroidManifest.xml:42:21-49
179                    android:path="/"
179-->[com.google.firebase:firebase-auth:23.0.0] AndroidManifest.xml:43:21-37
180                    android:scheme="recaptcha" />
180-->[com.google.firebase:firebase-auth:23.0.0] AndroidManifest.xml:44:21-48
181            </intent-filter>
182        </activity>
183
184        <service
184-->[androidx.credentials:credentials-play-services-auth:1.2.0-rc01] AndroidManifest.xml:24:9-32:19
185            android:name="androidx.credentials.playservices.CredentialProviderMetadataHolder"
185-->[androidx.credentials:credentials-play-services-auth:1.2.0-rc01] AndroidManifest.xml:25:13-94
186            android:enabled="true"
186-->[androidx.credentials:credentials-play-services-auth:1.2.0-rc01] AndroidManifest.xml:26:13-35
187            android:exported="false" >
187-->[androidx.credentials:credentials-play-services-auth:1.2.0-rc01] AndroidManifest.xml:27:13-37
188            <meta-data
188-->[androidx.credentials:credentials-play-services-auth:1.2.0-rc01] AndroidManifest.xml:29:13-31:104
189                android:name="androidx.credentials.CREDENTIAL_PROVIDER_KEY"
189-->[androidx.credentials:credentials-play-services-auth:1.2.0-rc01] AndroidManifest.xml:30:17-76
190                android:value="androidx.credentials.playservices.CredentialProviderPlayServicesImpl" />
190-->[androidx.credentials:credentials-play-services-auth:1.2.0-rc01] AndroidManifest.xml:31:17-101
191        </service>
192
193        <activity
193-->[androidx.credentials:credentials-play-services-auth:1.2.0-rc01] AndroidManifest.xml:34:9-41:20
194            android:name="androidx.credentials.playservices.HiddenActivity"
194-->[androidx.credentials:credentials-play-services-auth:1.2.0-rc01] AndroidManifest.xml:35:13-76
195            android:configChanges="orientation|screenSize|screenLayout|keyboardHidden"
195-->[androidx.credentials:credentials-play-services-auth:1.2.0-rc01] AndroidManifest.xml:36:13-87
196            android:enabled="true"
196-->[androidx.credentials:credentials-play-services-auth:1.2.0-rc01] AndroidManifest.xml:37:13-35
197            android:exported="false"
197-->[androidx.credentials:credentials-play-services-auth:1.2.0-rc01] AndroidManifest.xml:38:13-37
198            android:fitsSystemWindows="true"
198-->[androidx.credentials:credentials-play-services-auth:1.2.0-rc01] AndroidManifest.xml:39:13-45
199            android:theme="@style/Theme.Hidden" >
199-->[androidx.credentials:credentials-play-services-auth:1.2.0-rc01] AndroidManifest.xml:40:13-48
200        </activity>
201        <activity
201-->[com.google.android.gms:play-services-auth:21.2.0] AndroidManifest.xml:23:9-27:75
202            android:name="com.google.android.gms.auth.api.signin.internal.SignInHubActivity"
202-->[com.google.android.gms:play-services-auth:21.2.0] AndroidManifest.xml:24:13-93
203            android:excludeFromRecents="true"
203-->[com.google.android.gms:play-services-auth:21.2.0] AndroidManifest.xml:25:13-46
204            android:exported="false"
204-->[com.google.android.gms:play-services-auth:21.2.0] AndroidManifest.xml:26:13-37
205            android:theme="@android:style/Theme.Translucent.NoTitleBar" />
205-->[com.google.android.gms:play-services-auth:21.2.0] AndroidManifest.xml:27:13-72
206        <!--
207            Service handling Google Sign-In user revocation. For apps that do not integrate with
208            Google Sign-In, this service will never be started.
209        -->
210        <service
210-->[com.google.android.gms:play-services-auth:21.2.0] AndroidManifest.xml:33:9-37:51
211            android:name="com.google.android.gms.auth.api.signin.RevocationBoundService"
211-->[com.google.android.gms:play-services-auth:21.2.0] AndroidManifest.xml:34:13-89
212            android:exported="true"
212-->[com.google.android.gms:play-services-auth:21.2.0] AndroidManifest.xml:35:13-36
213            android:permission="com.google.android.gms.auth.api.signin.permission.REVOCATION_NOTIFICATION"
213-->[com.google.android.gms:play-services-auth:21.2.0] AndroidManifest.xml:36:13-107
214            android:visibleToInstantApps="true" /> <!-- Needs to be explicitly declared on P+ -->
214-->[com.google.android.gms:play-services-auth:21.2.0] AndroidManifest.xml:37:13-48
215        <uses-library
215-->[com.google.android.gms:play-services-maps:18.2.0] AndroidManifest.xml:39:9-41:40
216            android:name="org.apache.http.legacy"
216-->[com.google.android.gms:play-services-maps:18.2.0] AndroidManifest.xml:40:13-50
217            android:required="false" />
217-->[com.google.android.gms:play-services-maps:18.2.0] AndroidManifest.xml:41:13-37
218
219        <service
219-->[com.google.android.gms:play-services-mlkit-barcode-scanning:18.3.0] AndroidManifest.xml:9:9-15:19
220            android:name="com.google.mlkit.common.internal.MlKitComponentDiscoveryService"
220-->[com.google.android.gms:play-services-mlkit-barcode-scanning:18.3.0] AndroidManifest.xml:10:13-91
221            android:directBootAware="true"
221-->[com.google.mlkit:common:18.9.0] AndroidManifest.xml:17:13-43
222            android:exported="false" >
222-->[com.google.android.gms:play-services-mlkit-barcode-scanning:18.3.0] AndroidManifest.xml:11:13-37
223            <meta-data
223-->[com.google.android.gms:play-services-mlkit-barcode-scanning:18.3.0] AndroidManifest.xml:12:13-14:85
224                android:name="com.google.firebase.components:com.google.mlkit.vision.barcode.internal.BarcodeRegistrar"
224-->[com.google.android.gms:play-services-mlkit-barcode-scanning:18.3.0] AndroidManifest.xml:13:17-120
225                android:value="com.google.firebase.components.ComponentRegistrar" />
225-->[com.google.android.gms:play-services-mlkit-barcode-scanning:18.3.0] AndroidManifest.xml:14:17-82
226            <meta-data
226-->[com.google.mlkit:vision-common:17.3.0] AndroidManifest.xml:12:13-14:85
227                android:name="com.google.firebase.components:com.google.mlkit.vision.common.internal.VisionCommonRegistrar"
227-->[com.google.mlkit:vision-common:17.3.0] AndroidManifest.xml:13:17-124
228                android:value="com.google.firebase.components.ComponentRegistrar" />
228-->[com.google.mlkit:vision-common:17.3.0] AndroidManifest.xml:14:17-82
229            <meta-data
229-->[com.google.mlkit:common:18.9.0] AndroidManifest.xml:20:13-22:85
230                android:name="com.google.firebase.components:com.google.mlkit.common.internal.CommonComponentRegistrar"
230-->[com.google.mlkit:common:18.9.0] AndroidManifest.xml:21:17-120
231                android:value="com.google.firebase.components.ComponentRegistrar" />
231-->[com.google.mlkit:common:18.9.0] AndroidManifest.xml:22:17-82
232        </service>
233
234        <provider
234-->[com.google.mlkit:common:18.9.0] AndroidManifest.xml:9:9-13:38
235            android:name="com.google.mlkit.common.internal.MlKitInitProvider"
235-->[com.google.mlkit:common:18.9.0] AndroidManifest.xml:10:13-78
236            android:authorities="com.nammahomestay.app.mlkitinitprovider"
236-->[com.google.mlkit:common:18.9.0] AndroidManifest.xml:11:13-69
237            android:exported="false"
237-->[com.google.mlkit:common:18.9.0] AndroidManifest.xml:12:13-37
238            android:initOrder="99" />
238-->[com.google.mlkit:common:18.9.0] AndroidManifest.xml:13:13-35
239
240        <receiver
240-->[com.google.firebase:firebase-messaging:24.0.0] AndroidManifest.xml:29:9-40:20
241            android:name="com.google.firebase.iid.FirebaseInstanceIdReceiver"
241-->[com.google.firebase:firebase-messaging:24.0.0] AndroidManifest.xml:30:13-78
242            android:exported="true"
242-->[com.google.firebase:firebase-messaging:24.0.0] AndroidManifest.xml:31:13-36
243            android:permission="com.google.android.c2dm.permission.SEND" >
243-->[com.google.firebase:firebase-messaging:24.0.0] AndroidManifest.xml:32:13-73
244            <intent-filter>
244-->[com.google.firebase:firebase-messaging:24.0.0] AndroidManifest.xml:33:13-35:29
245                <action android:name="com.google.android.c2dm.intent.RECEIVE" />
245-->[com.google.firebase:firebase-messaging:24.0.0] AndroidManifest.xml:34:17-81
245-->[com.google.firebase:firebase-messaging:24.0.0] AndroidManifest.xml:34:25-78
246            </intent-filter>
247
248            <meta-data
248-->[com.google.firebase:firebase-messaging:24.0.0] AndroidManifest.xml:37:13-39:40
249                android:name="com.google.android.gms.cloudmessaging.FINISHED_AFTER_HANDLED"
249-->[com.google.firebase:firebase-messaging:24.0.0] AndroidManifest.xml:38:17-92
250                android:value="true" />
250-->[com.google.firebase:firebase-messaging:24.0.0] AndroidManifest.xml:39:17-37
251        </receiver>
252        <!--
253             FirebaseMessagingService performs security checks at runtime,